<?xml version="1.0" encoding="UTF-8"?>
<!-- Generated by org.testng.reporters.JUnitXMLReporter -->
<testsuite hostname="LAPTOP-A60RKOOI" ignored="0" name="Test" tests="1" failures="1" timestamp="25 Jun 2018 03:42:52 GMT" time="1.751" errors="0">
  <testcase name="test2" time="1.724" classname="com.varsha.project.POST">
    <failure type="java.lang.AssertionError" message="expected:&amp;lt;500&amp;gt; but was:&amp;lt;201&amp;gt;">
      <![CDATA[java.lang.AssertionError: expected:<500> but was:<201>
at com.varsha.project.POST.test2(POST.java:67)
... Removed 30 stack frames]]>
    </failure>
  </testcase> <!-- test2 -->
</testsuite> <!-- Test -->
