<?xml version="1.0" encoding="UTF-8"?>
<!-- Generated by org.testng.reporters.JUnitXMLReporter -->
<testsuite hostname="LAPTOP-A60RKOOI" ignored="0" name="Test" tests="7" failures="0" timestamp="23 Jun 2018 19:10:37 GMT" time="11.374" errors="0">
  <testcase name="gotoNewCustomerScreen" time="0.541" classname="com.customer.filterscreens.CustomerFilterScreen"/>
  <testcase name="gotoNewCustomerScreen" time="0.769" classname="com.customer.newscreens.NewCustomerScreens"/>
  <testcase name="newUserReg" time="0.683" classname="com.customer.newscreens.NewCustomerScreens"/>
  <testcase name="filterTest" time="3.168" classname="com.customer.filterscreens.CustomerFilterScreen"/>
  <testcase name="verifyReg" time="0.063" classname="com.customer.newscreens.NewCustomerScreens"/>
  <testcase name="filterResultTest" time="6.01" classname="com.customer.filterscreens.CustomerFilterScreen"/>
  <testcase name="verifyCustomer" time="0.076" classname="com.customer.newscreens.NewCustomerScreens"/>
</testsuite> <!-- Test -->
