<?xml version="1.0" encoding="UTF-8"?>
<testng-results skipped="0" failed="0" ignored="0" total="1" passed="1">
  <reporter-output>
  </reporter-output>
  <suite name="Suite" duration-ms="1499" started-at="2018-06-25T02:58:35Z" finished-at="2018-06-25T02:58:36Z">
    <groups>
    </groups>
    <test name="Test" duration-ms="1499" started-at="2018-06-25T02:58:35Z" finished-at="2018-06-25T02:58:36Z">
      <class name="part1">
        <test-method status="PASS" signature="test1()[pri:0, instance:part1@4667ae56]" name="test1" duration-ms="1468" started-at="2018-06-24T22:58:35Z" finished-at="2018-06-24T22:58:36Z">
          <reporter-output>
          </reporter-output>
        </test-method> <!-- test1 -->
      </class> <!-- part1 -->
    </test> <!-- Test -->
  </suite> <!-- Suite -->
</testng-results>
